TN:
SF:src\application.ts
FN:25,(anonymous_0)
FNF:1
FNH:1
FNDA:1,(anonymous_0)
DA:1,1
DA:2,1
DA:6,1
DA:8,1
DA:9,1
DA:10,1
DA:14,1
DA:15,1
DA:16,1
DA:17,1
DA:18,1
DA:22,1
DA:26,1
DA:29,1
DA:32,1
DA:35,1
DA:38,1
DA:40,1
DA:42,1
DA:53,1
DA:55,1
DA:57,1
DA:59,1
LF:23
LH:23
BRDA:25,0,0,0
BRF:1
BRH:0
end_of_record
TN:
SF:src\index.ts
FN:5,main
FN:35,(anonymous_1)
FNF:2
FNH:0
FNDA:0,main
FNDA:0,(anonymous_1)
DA:1,1
DA:3,1
DA:5,1
DA:6,0
DA:7,0
DA:8,0
DA:10,0
DA:11,0
DA:12,0
DA:14,0
DA:17,1
DA:19,0
DA:35,0
DA:36,0
DA:37,0
LF:15
LH:4
BRDA:5,0,0,0
BRDA:17,1,0,0
BRDA:17,1,1,1
BRDA:21,2,0,0
BRDA:21,2,1,0
BRDA:21,3,0,0
BRDA:21,3,1,0
BRF:7
BRH:1
end_of_record
TN:
SF:src\sequence.ts
FNF:0
FNH:0
DA:1,1
DA:3,1
LF:2
LH:2
BRF:0
BRH:0
end_of_record
TN:
SF:src\controllers\actor.controller.ts
FN:30,(anonymous_0)
FN:40,(anonymous_1)
FN:72,(anonymous_2)
FN:88,(anonymous_3)
FN:97,(anonymous_4)
FN:120,(anonymous_5)
FN:140,(anonymous_6)
FN:152,(anonymous_7)
FN:185,(anonymous_8)
FN:196,(anonymous_9)
FNF:10
FNH:6
FNDA:5,(anonymous_0)
FNDA:1,(anonymous_1)
FNDA:0,(anonymous_2)
FNDA:1,(anonymous_3)
FNDA:0,(anonymous_4)
FNDA:1,(anonymous_5)
FNDA:0,(anonymous_6)
FNDA:1,(anonymous_7)
FNDA:0,(anonymous_8)
FNDA:1,(anonymous_9)
DA:1,1
DA:9,1
DA:20,1
DA:21,1
DA:29,1
DA:32,5
DA:40,1
DA:53,1
DA:54,1
DA:55,1
DA:56,1
DA:57,1
DA:58,1
DA:60,1
DA:61,1
DA:63,0
DA:72,1
DA:73,0
DA:88,1
DA:89,1
DA:97,1
DA:108,0
DA:120,1
DA:125,1
DA:140,1
DA:141,0
DA:142,0
DA:145,0
DA:152,1
DA:163,1
DA:164,1
DA:165,1
DA:166,1
DA:167,1
DA:168,1
DA:170,1
DA:171,1
DA:177,0
DA:185,1
DA:189,0
DA:196,1
DA:197,1
LF:42
LH:34
BRDA:54,0,0,0
BRDA:54,0,1,1
BRDA:55,1,0,0
BRDA:55,1,1,1
BRDA:56,2,0,0
BRDA:56,2,1,1
BRDA:57,3,0,0
BRDA:57,3,1,1
BRDA:58,4,0,0
BRDA:58,4,1,1
BRDA:164,5,0,0
BRDA:164,5,1,1
BRDA:165,6,0,0
BRDA:165,6,1,1
BRDA:166,7,0,0
BRDA:166,7,1,1
BRDA:167,8,0,0
BRDA:167,8,1,1
BRDA:168,9,0,0
BRDA:168,9,1,1
BRF:20
BRH:10
end_of_record
TN:
SF:src\controllers\index.ts
FNF:0
FNH:0
DA:1,1
DA:2,1
DA:3,1
DA:4,1
DA:5,1
DA:6,1
LF:6
LH:6
BRF:0
BRH:0
end_of_record
TN:
SF:src\controllers\movie-review.controller.ts
FN:25,(anonymous_0)
FN:41,(anonymous_1)
FN:56,(anonymous_2)
FN:81,(anonymous_3)
FN:104,(anonymous_4)
FNF:5
FNH:0
FNDA:0,(anonymous_0)
FNDA:0,(anonymous_1)
FNDA:0,(anonymous_2)
FNDA:0,(anonymous_3)
FNDA:0,(anonymous_4)
DA:1,1
DA:8,1
DA:18,1
DA:22,1
DA:24,1
DA:26,0
DA:41,1
DA:45,0
DA:56,1
DA:70,0
DA:81,1
DA:93,0
DA:104,1
DA:108,0
LF:14
LH:9
BRF:0
BRH:0
end_of_record
TN:
SF:src\controllers\movie.controller.ts
FN:22,(anonymous_0)
FN:32,(anonymous_1)
FN:65,(anonymous_2)
FN:81,(anonymous_3)
FN:90,(anonymous_4)
FN:113,(anonymous_5)
FN:129,(anonymous_6)
FN:142,(anonymous_7)
FN:171,(anonymous_8)
FN:182,(anonymous_9)
FNF:10
FNH:6
FNDA:6,(anonymous_0)
FNDA:2,(anonymous_1)
FNDA:0,(anonymous_2)
FNDA:1,(anonymous_3)
FNDA:0,(anonymous_4)
FNDA:1,(anonymous_5)
FNDA:0,(anonymous_6)
FNDA:1,(anonymous_7)
FNDA:0,(anonymous_8)
FNDA:1,(anonymous_9)
DA:1,1
DA:2,1
DA:13,1
DA:14,1
DA:21,1
DA:24,6
DA:32,1
DA:45,2
DA:46,2
DA:47,1
DA:48,1
DA:49,1
DA:50,1
DA:51,1
DA:53,1
DA:54,1
DA:56,1
DA:65,1
DA:66,0
DA:81,1
DA:82,1
DA:90,1
DA:101,0
DA:113,1
DA:114,1
DA:129,1
DA:130,0
DA:131,0
DA:135,0
DA:142,1
DA:153,1
DA:154,1
DA:155,1
DA:156,1
DA:157,1
DA:158,1
DA:160,1
DA:161,1
DA:163,0
DA:171,1
DA:175,0
DA:182,1
DA:183,1
LF:43
LH:36
BRDA:46,0,0,1
BRDA:46,0,1,1
BRDA:47,1,0,0
BRDA:47,1,1,1
BRDA:48,2,0,0
BRDA:48,2,1,1
BRDA:49,3,0,0
BRDA:49,3,1,1
BRDA:50,4,0,0
BRDA:50,4,1,1
BRDA:51,5,0,0
BRDA:51,5,1,1
BRDA:154,6,0,0
BRDA:154,6,1,1
BRDA:155,7,0,0
BRDA:155,7,1,1
BRDA:156,8,0,0
BRDA:156,8,1,1
BRDA:157,9,0,0
BRDA:157,9,1,1
BRDA:158,10,0,0
BRDA:158,10,1,1
BRF:22
BRH:12
end_of_record
TN:
SF:src\controllers\review-users.controller.ts
FN:16,(anonymous_0)
FN:33,(anonymous_1)
FNF:2
FNH:0
FNDA:0,(anonymous_0)
FNDA:0,(anonymous_1)
DA:1,1
DA:4,1
DA:9,1
DA:13,1
DA:15,1
DA:18,0
DA:33,1
DA:36,0
LF:8
LH:6
BRF:0
BRH:0
end_of_record
TN:
SF:src\controllers\review.controller.ts
FN:29,(anonymous_0)
FN:39,(anonymous_1)
FN:73,(anonymous_2)
FN:89,(anonymous_3)
FN:98,(anonymous_4)
FN:121,(anonymous_5)
FN:133,(anonymous_6)
FN:164,(anonymous_7)
FN:175,(anonymous_8)
FNF:9
FNH:3
FNDA:2,(anonymous_0)
FNDA:1,(anonymous_1)
FNDA:0,(anonymous_2)
FNDA:0,(anonymous_3)
FNDA:0,(anonymous_4)
FNDA:0,(anonymous_5)
FNDA:1,(anonymous_6)
FNDA:0,(anonymous_7)
FNDA:0,(anonymous_8)
DA:1,1
DA:9,1
DA:20,1
DA:21,1
DA:28,1
DA:31,2
DA:39,1
DA:52,1
DA:53,1
DA:54,1
DA:55,1
DA:57,1
DA:58,1
DA:64,0
DA:73,1
DA:74,0
DA:89,1
DA:90,0
DA:98,1
DA:109,0
DA:121,1
DA:126,0
DA:133,1
DA:144,1
DA:145,1
DA:146,1
DA:147,1
DA:149,1
DA:150,1
DA:156,0
DA:164,1
DA:168,0
DA:175,1
DA:176,0
LF:34
LH:26
BRDA:53,0,0,0
BRDA:53,0,1,1
BRDA:54,1,0,0
BRDA:54,1,1,1
BRDA:55,2,0,0
BRDA:55,2,1,1
BRDA:145,3,0,0
BRDA:145,3,1,1
BRDA:146,4,0,0
BRDA:146,4,1,1
BRDA:147,5,0,0
BRDA:147,5,1,1
BRF:12
BRH:6
end_of_record
TN:
SF:src\controllers\users.controller.ts
FN:56,(anonymous_0)
FN:86,(anonymous_1)
FN:109,(anonymous_2)
FN:166,(anonymous_3)
FN:179,(anonymous_4)
FN:191,(anonymous_5)
FN:226,(anonymous_6)
FNF:7
FNH:0
FNDA:0,(anonymous_0)
FNDA:0,(anonymous_1)
FNDA:0,(anonymous_2)
FNDA:0,(anonymous_3)
FNDA:0,(anonymous_4)
FNDA:0,(anonymous_5)
FNDA:0,(anonymous_6)
DA:2,1
DA:7,1
DA:8,1
DA:9,1
DA:20,1
DA:21,1
DA:22,1
DA:23,1
DA:24,1
DA:25,1
DA:33,1
DA:47,1
DA:55,1
DA:58,0
DA:60,0
DA:62,0
DA:64,0
DA:86,1
DA:89,0
DA:90,0
DA:91,0
DA:92,0
DA:109,1
DA:121,0
DA:122,0
DA:125,0
DA:126,0
DA:127,0
DA:128,0
DA:129,0
DA:130,0
DA:131,0
DA:132,0
DA:133,0
DA:135,0
DA:136,0
DA:140,0
DA:144,0
DA:150,0
DA:166,1
DA:167,0
DA:179,1
DA:184,0
DA:191,1
DA:202,0
DA:204,0
DA:205,0
DA:206,0
DA:207,0
DA:208,0
DA:210,0
DA:212,0
DA:218,0
DA:226,1
DA:227,0
LF:55
LH:19
BRDA:126,0,0,0
BRDA:126,0,1,0
BRDA:127,1,0,0
BRDA:127,1,1,0
BRDA:128,2,0,0
BRDA:128,2,1,0
BRDA:129,3,0,0
BRDA:129,3,1,0
BRDA:130,4,0,0
BRDA:130,4,1,0
BRDA:131,5,0,0
BRDA:131,5,1,0
BRDA:132,6,0,0
BRDA:132,6,1,0
BRDA:133,7,0,0
BRDA:133,7,1,0
BRDA:205,8,0,0
BRDA:205,8,1,0
BRDA:206,9,0,0
BRDA:206,9,1,0
BRDA:207,10,0,0
BRDA:207,10,1,0
BRDA:208,11,0,0
BRDA:208,11,1,0
BRF:24
BRH:0
end_of_record
TN:
SF:src\datasources\index.ts
FNF:0
FNH:0
DA:1,1
LF:1
LH:1
BRF:0
BRH:0
end_of_record
TN:
SF:src\datasources\poc-db.datasource.ts
FN:28,(anonymous_0)
FNF:1
FNH:1
FNDA:2,(anonymous_0)
DA:1,1
DA:2,1
DA:4,1
DA:21,1
DA:25,1
DA:26,1
DA:32,2
LF:7
LH:7
BRDA:30,0,0,2
BRF:1
BRH:1
end_of_record
TN:
SF:src\models\actor.model.ts
FN:48,(anonymous_0)
FNF:1
FNH:1
FNDA:20,(anonymous_0)
DA:1,1
DA:4,1
DA:5,1
DA:12,1
DA:18,1
DA:24,1
DA:30,1
DA:36,1
DA:49,20
LF:9
LH:9
BRF:0
BRH:0
end_of_record
TN:
SF:src\models\index.ts
FNF:0
FNH:0
DA:1,1
DA:2,1
DA:3,1
DA:4,1
DA:5,1
LF:5
LH:5
BRF:0
BRH:0
end_of_record
TN:
SF:src\models\movie.model.ts
FN:55,(anonymous_0)
FN:44,(anonymous_1)
FN:47,(anonymous_2)
FNF:3
FNH:3
FNDA:24,(anonymous_0)
FNDA:2,(anonymous_1)
FNDA:1,(anonymous_2)
DA:1,1
DA:2,1
DA:3,1
DA:6,1
DA:7,1
DA:14,1
DA:20,1
DA:26,1
DA:32,1
DA:38,1
DA:44,2
DA:47,1
DA:56,24
LF:13
LH:13
BRF:0
BRH:0
end_of_record
TN:
SF:src\models\review.model.ts
FN:44,(anonymous_0)
FN:36,(anonymous_1)
FNF:2
FNH:2
FNDA:6,(anonymous_0)
FNDA:1,(anonymous_1)
DA:1,1
DA:2,1
DA:5,1
DA:6,1
DA:13,1
DA:19,1
DA:25,1
DA:31,1
DA:36,1
DA:45,6
LF:10
LH:10
BRF:0
BRH:0
end_of_record
TN:
SF:src\models\user-credential.model.ts
FN:28,(anonymous_0)
FNF:1
FNH:0
FNDA:0,(anonymous_0)
DA:1,1
DA:4,1
DA:5,1
DA:12,1
DA:18,1
DA:29,0
LF:6
LH:5
BRF:0
BRH:0
end_of_record
TN:
SF:src\models\users.model.ts
FN:52,(anonymous_0)
FN:43,(anonymous_1)
FNF:2
FNH:1
FNDA:0,(anonymous_0)
FNDA:4,(anonymous_1)
DA:1,1
DA:2,1
DA:5,1
DA:6,1
DA:13,1
DA:19,1
DA:25,1
DA:31,1
DA:37,1
DA:43,4
DA:53,0
LF:11
LH:10
BRF:0
BRH:0
end_of_record
TN:
SF:src\repositories\actor.repository.ts
FN:11,(anonymous_0)
FNF:1
FNH:0
FNDA:0,(anonymous_0)
DA:1,1
DA:2,1
DA:3,1
DA:4,1
DA:6,1
DA:12,0
LF:6
LH:5
BRF:0
BRH:0
end_of_record
TN:
SF:src\repositories\index.ts
FNF:0
FNH:0
DA:1,1
DA:2,1
DA:3,1
DA:4,1
DA:5,1
LF:5
LH:5
BRF:0
BRH:0
end_of_record
TN:
SF:src\repositories\movie.repository.ts
FN:28,(anonymous_0)
FNF:1
FNH:0
FNDA:0,(anonymous_0)
DA:1,1
DA:2,1
DA:8,1
DA:9,1
DA:13,1
DA:31,0
DA:33,0
DA:35,0
DA:36,0
DA:40,0
DA:41,0
DA:45,0
LF:12
LH:5
BRF:0
BRH:0
end_of_record
TN:
SF:src\repositories\review.repository.ts
FN:15,(anonymous_0)
FNF:1
FNH:0
FNDA:0,(anonymous_0)
DA:1,1
DA:2,1
DA:3,1
DA:4,1
DA:7,1
DA:16,0
DA:18,0
DA:19,0
DA:20,0
LF:9
LH:5
BRF:0
BRH:0
end_of_record
TN:
SF:src\repositories\user-credential.repository.ts
FN:11,(anonymous_0)
FNF:1
FNH:0
FNDA:0,(anonymous_0)
DA:1,1
DA:2,1
DA:3,1
DA:4,1
DA:6,1
DA:14,0
LF:6
LH:5
BRF:0
BRH:0
end_of_record
TN:
SF:src\repositories\users.repository.ts
FN:22,(anonymous_0)
FN:40,(anonymous_1)
FN:45,(anonymous_2)
FNF:3
FNH:1
FNDA:1,(anonymous_0)
FNDA:0,(anonymous_1)
FNDA:0,(anonymous_2)
DA:1,1
DA:2,1
DA:7,1
DA:8,1
DA:12,1
DA:25,1
DA:27,1
DA:29,1
DA:30,1
DA:34,1
DA:43,0
DA:46,0
DA:47,0
LF:13
LH:10
BRDA:46,0,0,0
BRDA:46,0,1,0
BRF:2
BRH:0
end_of_record
TN:
SF:src\services\index.ts
FNF:0
FNH:0
DA:6,1
DA:7,1
DA:8,1
LF:3
LH:3
BRF:0
BRH:0
end_of_record
TN:
SF:src\services\user.service.ts
FN:24,(anonymous_0)
FN:28,(anonymous_1)
FN:57,(anonymous_2)
FN:71,(anonymous_3)
FNF:4
FNH:0
FNDA:0,(anonymous_0)
FNDA:0,(anonymous_1)
FNDA:0,(anonymous_2)
FNDA:0,(anonymous_3)
DA:7,1
DA:8,1
DA:9,1
DA:10,1
DA:12,1
DA:23,1
DA:25,0
DA:29,0
DA:31,0
DA:34,0
DA:35,0
DA:38,0
DA:41,0
DA:42,0
DA:45,0
DA:50,0
DA:51,0
DA:54,0
DA:58,0
DA:67,0
DA:72,0
DA:73,0
DA:77,0
DA:78,0
DA:80,0
LF:25
LH:6
BRDA:34,0,0,0
BRDA:34,0,1,0
BRDA:41,1,0,0
BRDA:41,1,1,0
BRDA:50,2,0,0
BRDA:50,2,1,0
BRDA:59,3,0,0
BRDA:59,3,1,0
BRDA:59,4,0,0
BRDA:59,4,1,0
BRDA:77,5,0,0
BRDA:77,5,1,0
BRF:12
BRH:0
end_of_record
TN:
SF:src\utils\custom-schemas.ts
FNF:0
FNH:0
DA:4,1
DA:23,1
DA:38,1
LF:3
LH:3
BRF:0
BRH:0
end_of_record
TN:
SF:src\utils\helpers.ts
FN:9,(anonymous_0)
FN:25,(anonymous_1)
FN:37,(anonymous_2)
FN:51,(anonymous_3)
FN:69,(anonymous_4)
FNF:5
FNH:3
FNDA:2,(anonymous_0)
FNDA:1,(anonymous_1)
FNDA:0,(anonymous_2)
FNDA:0,(anonymous_3)
FNDA:1,(anonymous_4)
DA:1,1
DA:9,1
DA:10,2
DA:11,1
DA:12,1
DA:13,1
DA:14,1
DA:16,0
DA:25,1
DA:26,1
DA:27,1
DA:28,0
DA:37,1
DA:38,0
DA:39,0
DA:40,0
DA:51,1
DA:52,0
DA:53,0
DA:54,0
DA:55,0
DA:56,0
DA:58,0
DA:60,0
DA:69,1
DA:70,1
DA:71,1
LF:27
LH:15
BRDA:10,0,0,1
BRDA:10,0,1,1
BRDA:10,1,0,2
BRDA:10,1,1,1
BRDA:10,2,0,0
BRDA:10,2,1,2
BRDA:10,3,0,2
BRDA:10,3,1,2
BRDA:13,4,0,1
BRDA:13,4,1,0
BRDA:13,5,0,0
BRDA:13,5,1,1
BRDA:13,6,0,1
BRDA:13,6,1,1
BRDA:26,7,0,1
BRDA:26,7,1,0
BRDA:26,8,0,1
BRDA:26,8,1,0
BRDA:26,9,0,0
BRDA:26,9,1,1
BRDA:26,10,0,1
BRDA:26,10,1,1
BRDA:38,11,0,0
BRDA:38,11,1,0
BRDA:52,12,0,0
BRDA:52,12,1,0
BRDA:52,13,0,0
BRDA:52,13,1,0
BRDA:52,13,2,0
BRDA:52,14,0,0
BRDA:52,14,1,0
BRDA:52,15,0,0
BRDA:52,15,1,0
BRDA:55,16,0,0
BRDA:55,16,1,0
BRDA:56,17,0,0
BRDA:56,17,1,0
BRDA:56,18,0,0
BRDA:56,18,1,0
BRDA:56,19,0,0
BRDA:56,19,1,0
BRDA:56,20,0,0
BRDA:56,20,1,0
BRDA:70,21,0,1
BRDA:70,21,1,0
BRF:45
BRH:17
end_of_record
TN:
SF:src\utils\index.ts
FNF:0
FNH:0
DA:1,1
DA:2,1
DA:3,1
LF:3
LH:3
BRF:0
BRH:0
end_of_record
